[?1034hMRR : 0.556	
P@1 : 0.392	
0.064426203649777	0.050257179886103	
0.099440209252018	0.05016416311264	
0.10574273026042	0.050264120101929	
0.10994441093269	0.050182372331619	
0.12044861261336	0.050255432724953	
0.13305365463017	0.050310268998146	
0.14075673586266	0.050238836556673	
0.17296962101672	0.050248626619577	
0.17366990112877	0.050267145037651	
0.19677914482625	0.050123151391745	
0.20868390673101	0.050206355750561	
0.22619090953213	0.05028011649847	
0.24019651177303	0.050164502114058	
0.24229735210916	0.050169691443443	
0.24789959300552	0.050201386213303	
0.24930015322961	0.050193753093481	
0.25350183390188	0.050250299274921	
0.25490239412597	0.050224062055349	
